2026-01-12 14:24:52,507 INFO  [main] lk.ijse.productservice.ProductServiceApplication - Starting ProductServiceApplication using Java 21.0.8 with PID 7552 (E:\GDSE67\extra projects\microserices\product-service\target\classes started by dinel in E:\GDSE67\extra projects\microserices)
2026-01-12 14:24:52,512 INFO  [main] lk.ijse.productservice.ProductServiceApplication - No active profile set, falling back to 1 default profile: "default"
2026-01-12 14:24:54,793 INFO  [main] org.springframework.data.repository.config.RepositoryConfigurationDelegate - Bootstrapping Spring Data JPA repositories in DEFAULT mode.
2026-01-12 14:24:55,067 INFO  [main] org.springframework.data.repository.config.RepositoryConfigurationDelegate - Finished Spring Data repository scanning in 261 ms. Found 1 JPA repository interface.
2026-01-12 14:24:55,420 INFO  [main] org.springframework.cloud.context.scope.GenericScope - BeanFactory id=34887d87-057c-3215-9ddb-9028711ce669
2026-01-12 14:24:56,144 INFO  [main] org.springframework.boot.web.embedded.tomcat.TomcatWebServer - Tomcat initialized with port 8082 (http)
2026-01-12 14:24:56,161 INFO  [main] org.apache.coyote.http11.Http11NioProtocol - Initializing ProtocolHandler ["http-nio-8082"]
2026-01-12 14:24:56,165 INFO  [main] org.apache.catalina.core.StandardService - Starting service [Tomcat]
2026-01-12 14:24:56,166 INFO  [main] org.apache.catalina.core.StandardEngine - Starting Servlet engine: [Apache Tomcat/10.1.34]
2026-01-12 14:24:56,289 INFO  [main] org.apache.catalina.core.ContainerBase.[Tomcat].[localhost].[/] - Initializing Spring embedded WebApplicationContext
2026-01-12 14:24:56,290 INFO  [main] org.springframework.boot.web.servlet.context.ServletWebServerApplicationContext - Root WebApplicationContext: initialization completed in 3699 ms
2026-01-12 14:24:56,998 INFO  [main] org.hibernate.jpa.internal.util.LogHelper - HHH000204: Processing PersistenceUnitInfo [name: default]
2026-01-12 14:24:57,089 INFO  [main] org.hibernate.Version - HHH000412: Hibernate ORM core version 6.6.5.Final
2026-01-12 14:24:57,147 INFO  [main] org.hibernate.cache.internal.RegionFactoryInitiator - HHH000026: Second-level cache disabled
2026-01-12 14:24:57,534 INFO  [main] org.springframework.orm.jpa.persistenceunit.SpringPersistenceUnitInfo - No LoadTimeWeaver setup: ignoring JPA class transformer
2026-01-12 14:24:57,570 INFO  [main] com.zaxxer.hikari.HikariDataSource - HikariPool-1 - Starting...
2026-01-12 14:24:57,945 INFO  [main] com.zaxxer.hikari.pool.HikariPool - HikariPool-1 - Added connection com.mysql.cj.jdbc.ConnectionImpl@67e628b
2026-01-12 14:24:57,948 INFO  [main] com.zaxxer.hikari.HikariDataSource - HikariPool-1 - Start completed.
2026-01-12 14:24:58,028 INFO  [main] org.hibernate.orm.connections.pooling - HHH10001005: Database info:
	Database JDBC URL [Connecting through datasource 'HikariDataSource (HikariPool-1)']
	Database driver: undefined/unknown
	Database version: 8.0.44
	Autocommit mode: undefined/unknown
	Isolation level: undefined/unknown
	Minimum pool size: undefined/unknown
	Maximum pool size: undefined/unknown
2026-01-12 14:24:58,950 INFO  [main] org.hibernate.engine.transaction.jta.platform.internal.JtaPlatformInitiator - HHH000489: No JTA platform available (set 'hibernate.transaction.jta.platform' to enable JTA platform integration)
2026-01-12 14:24:59,066 INFO  [main] org.springframework.orm.jpa.LocalContainerEntityManagerFactoryBean - Initialized JPA EntityManagerFactory for persistence unit 'default'
2026-01-12 14:24:59,676 WARN  [main] org.springframework.boot.autoconfigure.orm.jpa.JpaBaseConfiguration$JpaWebConfiguration - spring.jpa.open-in-view is enabled by default. Therefore, database queries may be performed during view rendering. Explicitly configure spring.jpa.open-in-view to disable this warning
2026-01-12 14:25:00,997 INFO  [main] org.springframework.cloud.netflix.eureka.config.DiscoveryClientOptionalArgsConfiguration - Eureka HTTP Client uses RestTemplate.
2026-01-12 14:25:01,067 WARN  [main] org.springframework.cloud.loadbalancer.config.LoadBalancerCacheAutoConfiguration$LoadBalancerCaffeineWarnLogger - Spring Cloud LoadBalancer is currently working with the default cache. While this cache implementation is useful for development and tests, it's recommended to use Caffeine cache in production.You can switch to using Caffeine cache, by adding it and org.springframework.cache.caffeine.CaffeineCacheManager to the classpath.
2026-01-12 14:25:01,077 INFO  [main] org.springframework.boot.actuate.endpoint.web.EndpointLinksResolver - Exposing 3 endpoints beneath base path '/actuator'
2026-01-12 14:25:01,181 INFO  [main] org.springframework.cloud.netflix.eureka.InstanceInfoFactory - Setting initial instance status as: STARTING
2026-01-12 14:25:01,212 INFO  [main] com.netflix.discovery.DiscoveryClient - Initializing Eureka in region us-east-1
2026-01-12 14:25:01,219 INFO  [main] com.netflix.discovery.shared.resolver.aws.ConfigClusterResolver - Resolving eureka endpoints via configuration
2026-01-12 14:25:01,229 INFO  [main] com.netflix.discovery.DiscoveryClient - Disable delta property : false
2026-01-12 14:25:01,230 INFO  [main] com.netflix.discovery.DiscoveryClient - Single vip registry refresh property : null
2026-01-12 14:25:01,230 INFO  [main] com.netflix.discovery.DiscoveryClient - Force full registry fetch : false
2026-01-12 14:25:01,230 INFO  [main] com.netflix.discovery.DiscoveryClient - Application is null : false
2026-01-12 14:25:01,230 INFO  [main] com.netflix.discovery.DiscoveryClient - Registered Applications size is zero : true
2026-01-12 14:25:01,230 INFO  [main] com.netflix.discovery.DiscoveryClient - Application version is -1: true
2026-01-12 14:25:01,230 INFO  [main] com.netflix.discovery.DiscoveryClient - Getting all instance registry info from the eureka server
2026-01-12 14:25:01,654 INFO  [main] com.netflix.discovery.DiscoveryClient - The response status is 200
2026-01-12 14:25:01,656 INFO  [main] com.netflix.discovery.DiscoveryClient - Starting heartbeat executor: renew interval is: 30
2026-01-12 14:25:01,658 INFO  [main] com.netflix.discovery.InstanceInfoReplicator - InstanceInfoReplicator onDemand update allowed rate per min is 4
2026-01-12 14:25:01,660 INFO  [main] com.netflix.discovery.DiscoveryClient - Discovery Client initialized at timestamp 1768208101660 with initial instances count: 4
2026-01-12 14:25:01,668 INFO  [main] org.springframework.cloud.netflix.eureka.serviceregistry.EurekaServiceRegistry - Registering application PRODUCT-SERVICE with eureka with status UP
2026-01-12 14:25:01,668 INFO  [main] com.netflix.discovery.DiscoveryClient - Saw local status change event StatusChangeEvent [timestamp=1768208101668, current=UP, previous=STARTING]
2026-01-12 14:25:01,670 INFO  [main] org.apache.coyote.http11.Http11NioProtocol - Starting ProtocolHandler ["http-nio-8082"]
2026-01-12 14:25:01,670 INFO  [DiscoveryClient-InstanceInfoReplicator-%d] com.netflix.discovery.DiscoveryClient - DiscoveryClient_PRODUCT-SERVICE/host.docker.internal:PRODUCT-SERVICE:8082: registering service...
2026-01-12 14:25:01,696 INFO  [main] org.springframework.boot.web.embedded.tomcat.TomcatWebServer - Tomcat started on port 8082 (http) with context path '/'
2026-01-12 14:25:01,697 INFO  [main] org.springframework.cloud.netflix.eureka.serviceregistry.EurekaAutoServiceRegistration - Updating port to 8082
2026-01-12 14:25:01,718 INFO  [DiscoveryClient-InstanceInfoReplicator-%d] com.netflix.discovery.DiscoveryClient - DiscoveryClient_PRODUCT-SERVICE/host.docker.internal:PRODUCT-SERVICE:8082 - registration status: 204
2026-01-12 14:25:01,725 INFO  [main] lk.ijse.productservice.ProductServiceApplication - Started ProductServiceApplication in 10.106 seconds (process running for 12.219)
2026-01-12 14:25:02,292 INFO  [RMI TCP Connection(3)-192.168.8.103] org.apache.catalina.core.ContainerBase.[Tomcat].[localhost].[/] - Initializing Spring DispatcherServlet 'dispatcherServlet'
2026-01-12 14:25:02,293 INFO  [RMI TCP Connection(3)-192.168.8.103] org.springframework.web.servlet.DispatcherServlet - Initializing Servlet 'dispatcherServlet'
2026-01-12 14:25:02,298 INFO  [RMI TCP Connection(3)-192.168.8.103] org.springframework.web.servlet.DispatcherServlet - Completed initialization in 3 ms
2026-01-12 14:25:48,709 INFO  [http-nio-8082-exec-10] lk.ijse.productservice.controller.ProductController - Added new Product
2026-01-12 14:25:48,709 WARN  [http-nio-8082-exec-10] lk.ijse.productservice.controller.ProductController - This is a warn example
2026-01-12 14:25:48,710 ERROR [http-nio-8082-exec-10] lk.ijse.productservice.controller.ProductController - This is error example
2026-01-12 14:30:01,246 INFO  [AsyncResolver-bootstrap-executor-%d] com.netflix.discovery.shared.resolver.aws.ConfigClusterResolver - Resolving eureka endpoints via configuration
2026-01-12 14:35:01,257 INFO  [AsyncResolver-bootstrap-executor-%d] com.netflix.discovery.shared.resolver.aws.ConfigClusterResolver - Resolving eureka endpoints via configuration
2026-01-12 14:40:01,271 INFO  [AsyncResolver-bootstrap-executor-%d] com.netflix.discovery.shared.resolver.aws.ConfigClusterResolver - Resolving eureka endpoints via configuration
2026-01-12 14:45:01,274 INFO  [AsyncResolver-bootstrap-executor-%d] com.netflix.discovery.shared.resolver.aws.ConfigClusterResolver - Resolving eureka endpoints via configuration
2026-01-12 14:50:01,282 INFO  [AsyncResolver-bootstrap-executor-%d] com.netflix.discovery.shared.resolver.aws.ConfigClusterResolver - Resolving eureka endpoints via configuration
2026-01-12 14:55:01,295 INFO  [AsyncResolver-bootstrap-executor-%d] com.netflix.discovery.shared.resolver.aws.ConfigClusterResolver - Resolving eureka endpoints via configuration
2026-01-12 15:00:01,301 INFO  [AsyncResolver-bootstrap-executor-%d] com.netflix.discovery.shared.resolver.aws.ConfigClusterResolver - Resolving eureka endpoints via configuration
2026-01-12 15:05:01,314 INFO  [AsyncResolver-bootstrap-executor-%d] com.netflix.discovery.shared.resolver.aws.ConfigClusterResolver - Resolving eureka endpoints via configuration
2026-01-12 15:10:01,326 INFO  [AsyncResolver-bootstrap-executor-%d] com.netflix.discovery.shared.resolver.aws.ConfigClusterResolver - Resolving eureka endpoints via configuration
2026-01-12 15:15:01,340 INFO  [AsyncResolver-bootstrap-executor-%d] com.netflix.discovery.shared.resolver.aws.ConfigClusterResolver - Resolving eureka endpoints via configuration
2026-01-12 15:20:01,358 INFO  [AsyncResolver-bootstrap-executor-%d] com.netflix.discovery.shared.resolver.aws.ConfigClusterResolver - Resolving eureka endpoints via configuration
2026-01-12 15:25:01,366 INFO  [AsyncResolver-bootstrap-executor-%d] com.netflix.discovery.shared.resolver.aws.ConfigClusterResolver - Resolving eureka endpoints via configuration
2026-01-12 15:30:01,372 INFO  [AsyncResolver-bootstrap-executor-%d] com.netflix.discovery.shared.resolver.aws.ConfigClusterResolver - Resolving eureka endpoints via configuration
2026-01-12 15:35:01,377 INFO  [AsyncResolver-bootstrap-executor-%d] com.netflix.discovery.shared.resolver.aws.ConfigClusterResolver - Resolving eureka endpoints via configuration
2026-01-12 15:40:01,386 INFO  [AsyncResolver-bootstrap-executor-%d] com.netflix.discovery.shared.resolver.aws.ConfigClusterResolver - Resolving eureka endpoints via configuration
2026-01-12 15:45:01,398 INFO  [AsyncResolver-bootstrap-executor-%d] com.netflix.discovery.shared.resolver.aws.ConfigClusterResolver - Resolving eureka endpoints via configuration
2026-01-12 15:50:01,403 INFO  [AsyncResolver-bootstrap-executor-%d] com.netflix.discovery.shared.resolver.aws.ConfigClusterResolver - Resolving eureka endpoints via configuration
2026-01-12 15:55:01,411 INFO  [AsyncResolver-bootstrap-executor-%d] com.netflix.discovery.shared.resolver.aws.ConfigClusterResolver - Resolving eureka endpoints via configuration
2026-01-12 16:00:01,412 INFO  [AsyncResolver-bootstrap-executor-%d] com.netflix.discovery.shared.resolver.aws.ConfigClusterResolver - Resolving eureka endpoints via configuration
2026-01-12 16:05:01,419 INFO  [AsyncResolver-bootstrap-executor-%d] com.netflix.discovery.shared.resolver.aws.ConfigClusterResolver - Resolving eureka endpoints via configuration
2026-01-12 16:10:01,430 INFO  [AsyncResolver-bootstrap-executor-%d] com.netflix.discovery.shared.resolver.aws.ConfigClusterResolver - Resolving eureka endpoints via configuration
